<?xml version="1.0" encoding="UTF-8"?>
<!-- Generated by org.testng.reporters.JUnitReportReporter -->
<testsuite hostname="EXDOT1" failures="0" tests="1" name="TestRunner.Runner" time="0.889" errors="0" timestamp="2024-06-01T17:21:46 BST" skipped="0">
  <testcase classname="TestRunner.Runner" name="runScenario" time="0.889"/>
</testsuite> <!-- TestRunner.Runner -->
